<?xml version="1.0" encoding="utf-8"?><testsuites><testsuite name="pytest" errors="0" failures="1" skipped="0" tests="6" time="3.307" timestamp="2022-02-17T12:50:26.135610" hostname="Eichwald"><testcase classname="tests.test_addition" name="test_add" file="tests\test_addition.py" line="5" time="0.001" /><testcase classname="tests.test_addition" name="test_add_string" file="tests\test_addition.py" line="9" time="0.001" /><testcase classname="tests.test_addition" name="test_exe" file="tests\test_addition.py" line="13" time="0.009"><failure message="FileNotFoundError: [WinError 2] The system cannot find the file specified: 'ADD_CLI.exe'">def test_exe():
&gt;       os.startfile("ADD_CLI.exe")
E       FileNotFoundError: [WinError 2] The system cannot find the file specified: 'ADD_CLI.exe'

tests\test_addition.py:15: FileNotFoundError</failure></testcase><testcase classname="tests.test_division" name="test_divide" file="tests\test_division.py" line="4" time="0.000" /><testcase classname="tests.test_division" name="test_divide_by_zero" file="tests\test_division.py" line="9" time="0.000" /><testcase classname="tests.test_division" name="test_divide_string" file="tests\test_division.py" line="14" time="0.000" /></testsuite></testsuites>