<?xml version="1.0" encoding="utf-8"?><testsuites><testsuite name="pytest" errors="0" failures="0" skipped="0" tests="5" time="2.734" timestamp="2022-02-16T15:27:04.209900" hostname="Eichwald"><testcase classname="tests.test_addition" name="test_add" file="tests\test_addition.py" line="4" time="0.001" /><testcase classname="tests.test_addition" name="test_add_string" file="tests\test_addition.py" line="8" time="0.001" /><testcase classname="tests.test_division" name="test_divide" file="tests\test_division.py" line="4" time="0.001" /><testcase classname="tests.test_division" name="test_divide_by_zero" file="tests\test_division.py" line="9" time="0.001" /><testcase classname="tests.test_division" name="test_divide_string" file="tests\test_division.py" line="14" time="0.000" /></testsuite></testsuites>